objc[4956]: Class JavaLaunchHelper is implemented in both /Library/Java/JavaVirtualMachines/jdk1.8.0_111.jdk/Contents/Home/bin/java (0x10b2574c0) and /Library/Java/JavaVirtualMachines/jdk1.8.0_111.jdk/Contents/Home/jre/lib/libinstrument.dylib (0x10b2db4e0). One of the two will be used. Which one is undefined.
(0,0) - (0,3) - (0,4) - (0,5) - (3,8) - (4,9) - (5,4) - (8,3) - (8,1) - (3,0) - (2,5) - (6,2) - (7,8) - (9,9) - Distance: 60 
(0,0) - (0,3) - (0,4) - (0,5) - (3,8) - (4,9) - (5,4) - (8,3) - (8,1) - (3,0) - (6,2) - (7,8) - (9,9) - Distance: 52 
(0,0) - (0,3) - (0,4) - (0,5) - (3,8) - (4,9) - (5,4) - (8,3) - (8,1) - (6,2) - (7,8) - (9,9) - Distance: 44 
(0,0) - (0,3) - (0,4) - (0,5) - (3,8) - (4,9) - (5,4) - (8,3) - (8,1) - (9,5) - (9,9) - Distance: 44 
(0,0) - (0,3) - (0,4) - (0,5) - (3,8) - (4,9) - (5,4) - (8,3) - (7,8) - (9,9) - Distance: 38 
(0,0) - (0,3) - (0,4) - (0,5) - (3,8) - (4,9) - (5,4) - (6,2) - (7,8) - (9,9) - Distance: 38 
(0,0) - (0,3) - (0,4) - (0,5) - (3,8) - (4,9) - (5,4) - (7,8) - (9,9) - Distance: 32 
(0,0) - (0,3) - (0,4) - (0,5) - (3,8) - (4,9) - (7,8) - (9,9) - Distance: 26 
(0,0) - (0,3) - (0,4) - (0,5) - (3,8) - (7,8) - (9,9) - Distance: 24 
(0,0) - (0,3) - (0,4) - (0,5) - (5,4) - (7,8) - (9,9) - Distance: 24 
(0,0) - (0,3) - (0,4) - (0,5) - (2,5) - (3,8) - (7,8) - (9,9) - Distance: 24 
(0,0) - (0,3) - (0,4) - (0,5) - (2,5) - (5,4) - (7,8) - (9,9) - Distance: 24 
(0,0) - (0,3) - (0,4) - (3,8) - (7,8) - (9,9) - Distance: 24 
(0,0) - (0,3) - (0,4) - (5,4) - (7,8) - (9,9) - Distance: 22 
(0,0) - (0,3) - (5,4) - (7,8) - (9,9) - Distance: 22 
(0,0) - (2,5) - (4,9) - (7,8) - (9,9) - Distance: 22 
(0,0) - (2,5) - (3,8) - (4,9) - (7,8) - (9,9) - Distance: 22 
(0,0) - (2,5) - (3,8) - (7,8) - (9,9) - Distance: 20 
(0,0) - (2,5) - (5,4) - (7,8) - (9,9) - Distance: 20 
(0,0) - (3,0) - (5,4) - (7,8) - (9,9) - Distance: 20 
(0,0) - (3,0) - (6,2) - (7,8) - (9,9) - Distance: 20 
